<?xml version="1.0" encoding="UTF-8"?>
<testng-results ignored="0" total="2" passed="2" failed="0" skipped="0">
  <reporter-output>
  </reporter-output>
  <suite started-at="2026-05-14T22:32:30 IST" name="Default suite" finished-at="2026-05-14T22:32:49 IST" duration-ms="18931">
    <groups>
    </groups>
    <test started-at="2026-05-14T22:32:30 IST" name="Default test" finished-at="2026-05-14T22:32:49 IST" duration-ms="18931">
      <class name="tests.loginTest">
        <test-method is-config="true" signature="launchFireFox()[pri:0, instance:tests.loginTest@5ffead27]" started-at="2026-05-14T22:32:30 IST" name="launchFireFox" finished-at="2026-05-14T22:32:38 IST" duration-ms="7994" status="PASS">
          <reporter-output>
          </reporter-output>
        </test-method> <!-- launchFireFox -->
        <test-method signature="verifyLoginWithValidCredentials(java.lang.String,java.lang.String)[pri:1, instance:tests.loginTest@5ffead27]" started-at="2026-05-14T22:32:38 IST" name="verifyLoginWithValidCredentials" finished-at="2026-05-14T22:32:38 IST" duration-ms="549" status="PASS">
          <params>
            <param index="0">
              <value>
                <![CDATA[standard_user]]>
              </value>
            </param>
            <param index="1">
              <value>
                <![CDATA[secret_sauce]]>
              </value>
            </param>
          </params>
          <reporter-output>
          </reporter-output>
        </test-method> <!-- verifyLoginWithValidCredentials -->
        <test-method is-config="true" signature="tearDown(org.testng.ITestResult)[pri:0, instance:tests.loginTest@5ffead27]" started-at="2026-05-14T22:32:38 IST" name="tearDown" finished-at="2026-05-14T22:32:39 IST" duration-ms="1214" status="PASS">
          <params>
            <param index="0">
              <value>
                <![CDATA[[TestResult name=verifyLoginWithValidCredentials status=SUCCESS method=loginTest.verifyLoginWithValidCredentials(java.lang.String,java.lang.String)[pri:1, instance:tests.loginTest@5ffead27] output={null}]]]>
              </value>
            </param>
          </params>
          <reporter-output>
          </reporter-output>
        </test-method> <!-- tearDown -->
        <test-method is-config="true" signature="launchFireFox()[pri:0, instance:tests.loginTest@5ffead27]" started-at="2026-05-14T22:32:39 IST" name="launchFireFox" finished-at="2026-05-14T22:32:47 IST" duration-ms="7163" status="PASS">
          <reporter-output>
          </reporter-output>
        </test-method> <!-- launchFireFox -->
        <test-method signature="verifyLoginWithInvalidCredentials(java.lang.String,java.lang.String)[pri:2, instance:tests.loginTest@5ffead27]" started-at="2026-05-14T22:32:47 IST" name="verifyLoginWithInvalidCredentials" finished-at="2026-05-14T22:32:47 IST" duration-ms="772" status="PASS">
          <params>
            <param index="0">
              <value>
                <![CDATA[wrong]]>
              </value>
            </param>
            <param index="1">
              <value>
                <![CDATA[secret_sauce]]>
              </value>
            </param>
          </params>
          <reporter-output>
          </reporter-output>
        </test-method> <!-- verifyLoginWithInvalidCredentials -->
        <test-method is-config="true" signature="tearDown(org.testng.ITestResult)[pri:0, instance:tests.loginTest@5ffead27]" started-at="2026-05-14T22:32:47 IST" name="tearDown" finished-at="2026-05-14T22:32:49 IST" duration-ms="1196" status="PASS">
          <params>
            <param index="0">
              <value>
                <![CDATA[[TestResult name=verifyLoginWithInvalidCredentials status=SUCCESS method=loginTest.verifyLoginWithInvalidCredentials(java.lang.String,java.lang.String)[pri:2, instance:tests.loginTest@5ffead27] output={null}]]]>
              </value>
            </param>
          </params>
          <reporter-output>
          </reporter-output>
        </test-method> <!-- tearDown -->
      </class> <!-- tests.loginTest -->
    </test> <!-- Default test -->
  </suite> <!-- Default suite -->
</testng-results>
