<?xml version="1.0" encoding="UTF-8"?>
<!-- Generated by org.testng.reporters.JUnitXMLReporter -->
<testsuite ignored="0" hostname="DESKTOP-6CE6M82" failures="2" tests="2" name="Verify login with invalid credentials" time="9.799" errors="0" timestamp="2026-05-14T22:29:12 IST">
  <testcase classname="tests.loginTest" name="verifyLoginWithValidCredentials" time="0.0">
    <failure type="org.testng.TestNGException" message="
Parameter &amp;apos;Username&amp;apos; is required by @Test on method verifyLoginWithValidCredentials but has not been marked @Optional or defined
in C:\Users\akhil\selenium work c drive\demo\sauce.java\src\tests\testng.xml">
      <![CDATA[org.testng.TestNGException: 
Parameter 'Username' is required by @Test on method verifyLoginWithValidCredentials but has not been marked @Optional or defined
in C:\Users\akhil\selenium work c drive\demo\sauce.java\src\tests\testng.xml
at java.base/java.util.ArrayList.forEach(ArrayList.java:1511)
... Removed 26 stack frames]]>
    </failure>
  </testcase> <!-- verifyLoginWithValidCredentials -->
  <testcase classname="tests.loginTest" name="verifyLoginWithInvalidCredentials" time="0.834">
    <failure type="org.openqa.selenium.JavascriptException" message="Cyclic object value: [object HTMLDocument]
Build info: version: &amp;apos;4.14.0&amp;apos;, revision: &amp;apos;e5a96349ce&amp;apos;
System info: os.name: &amp;apos;Windows 11&amp;apos;, os.arch: &amp;apos;amd64&amp;apos;, os.version: &amp;apos;10.0&amp;apos;, java.version: &amp;apos;17.0.6&amp;apos;
Driver info: org.openqa.selenium.firefox.FirefoxDriver
Command: [34580e86-8c74-4f0d-a7d0-4b8952d9d675, findElement {using=xpath, value=//*[@id=&amp;quot;login_button_container&amp;quot;]/div/form/div[3]/h3/text()}]
Capabilities {acceptInsecureCerts: true, browserName: firefox, browserVersion: 150.0.2, moz:accessibilityChecks: false, moz:buildID: 20260506140522, moz:geckodriverVersion: 0.36.0, moz:headless: false, moz:platformVersion: 10.0, moz:processID: 14296, moz:profile: C:\Users\akhil\AppData\Loca..., moz:shutdownTimeout: 60000, moz:webdriverClick: true, moz:windowless: false, pageLoadStrategy: normal, platformName: windows, proxy: Proxy(), setWindowRect: true, strictFileInteractability: false, timeouts: {implicit: 0, pageLoad: 300000, script: 30000}, unhandledPromptBehavior: dismiss and notify, userAgent: Mozilla/5.0 (Windows NT 10....}
Session ID: 34580e86-8c74-4f0d-a7d0-4b8952d9d675">
      <![CDATA[org.openqa.selenium.JavascriptException: Cyclic object value: [object HTMLDocument]
Build info: version: '4.14.0', revision: 'e5a96349ce'
System info: os.name: 'Windows 11', os.arch: 'amd64', os.version: '10.0', java.version: '17.0.6'
Driver info: org.openqa.selenium.firefox.FirefoxDriver
Command: [34580e86-8c74-4f0d-a7d0-4b8952d9d675, findElement {using=xpath, value=//*[@id="login_button_container"]/div/form/div[3]/h3/text()}]
Capabilities {acceptInsecureCerts: true, browserName: firefox, browserVersion: 150.0.2, moz:accessibilityChecks: false, moz:buildID: 20260506140522, moz:geckodriverVersion: 0.36.0, moz:headless: false, moz:platformVersion: 10.0, moz:processID: 14296, moz:profile: C:\Users\akhil\AppData\Loca..., moz:shutdownTimeout: 60000, moz:webdriverClick: true, moz:windowless: false, pageLoadStrategy: normal, platformName: windows, proxy: Proxy(), setWindowRect: true, strictFileInteractability: false, timeouts: {implicit: 0, pageLoad: 300000, script: 30000}, unhandledPromptBehavior: dismiss and notify, userAgent: Mozilla/5.0 (Windows NT 10....}
Session ID: 34580e86-8c74-4f0d-a7d0-4b8952d9d675
at org.openqa.selenium.remote.codec.w3c.W3CHttpResponseCodec.createException(W3CHttpResponseCodec.java:200)
at org.openqa.selenium.remote.codec.w3c.W3CHttpResponseCodec.decode(W3CHttpResponseCodec.java:133)
at org.openqa.selenium.remote.codec.w3c.W3CHttpResponseCodec.decode(W3CHttpResponseCodec.java:52)
at org.openqa.selenium.remote.HttpCommandExecutor.execute(HttpCommandExecutor.java:191)
at org.openqa.selenium.remote.service.DriverCommandExecutor.invokeExecute(DriverCommandExecutor.java:196)
at org.openqa.selenium.remote.service.DriverCommandExecutor.execute(DriverCommandExecutor.java:171)
at org.openqa.selenium.remote.RemoteWebDriver.execute(RemoteWebDriver.java:602)
at org.openqa.selenium.remote.ElementLocation$ElementFinder$2.findElement(ElementLocation.java:165)
at org.openqa.selenium.remote.ElementLocation.findElement(ElementLocation.java:59)
at org.openqa.selenium.remote.RemoteWebDriver.findElement(RemoteWebDriver.java:359)
at org.openqa.selenium.remote.RemoteWebDriver.findElement(RemoteWebDriver.java:353)
at org.openqa.selenium.support.pagefactory.DefaultElementLocator.findElement(DefaultElementLocator.java:68)
at org.openqa.selenium.support.pagefactory.internal.LocatingElementHandler.invoke(LocatingElementHandler.java:38)
at jdk.proxy2/jdk.proxy2.$Proxy15.getText(Unknown Source)
at pom_files.Login_Page_POM.verifyErrorMessage(Login_Page_POM.java:89)
at tests.loginTest.verifyLoginWithInvalidCredentials(loginTest.java:44)
at java.base/java.util.ArrayList.forEach(ArrayList.java:1511)
... Removed 32 stack frames]]>
    </failure>
  </testcase> <!-- verifyLoginWithInvalidCredentials -->
</testsuite> <!-- Verify login with invalid credentials -->
