<?xml version="1.0" encoding="UTF-8"?>
<!-- Generated by org.testng.reporters.JUnitXMLReporter -->
<testsuite ignored="0" hostname="DESKTOP-6CE6M82" failures="0" tests="4" name="verify Edge Cases" time="32.389" errors="0" timestamp="2026-05-14T22:25:50 IST">
  <testcase classname="tests.Edge_Cases" name="emptyPasswordTest" time="0.64"/>
  <testcase classname="tests.Edge_Cases" name="emptyUsernameAndPasswordTest" time="0.612"/>
  <testcase classname="tests.Edge_Cases" name="specialCharactersLoginTest" time="0.731"/>
  <testcase classname="tests.Edge_Cases" name="verifyLoginWithEmpty_Username" time="0.675"/>
</testsuite> <!-- verify Edge Cases -->
