<?xml version="1.0" encoding="UTF-8"?>
<!-- Generated by org.testng.reporters.JUnitXMLReporter -->
<testsuite ignored="0" hostname="DESKTOP-6CE6M82" failures="1" tests="2" name="Verify Login with valid credentials" time="10.511" errors="0" timestamp="2026-05-14T22:29:02 IST">
  <testcase classname="tests.loginTest" name="verifyLoginWithValidCredentials" time="0.635"/>
  <testcase classname="tests.loginTest" name="verifyLoginWithInvalidCredentials" time="0.0">
    <failure type="org.testng.TestNGException" message="
Parameter &amp;apos;InvalidUsername&amp;apos; is required by @Test on method verifyLoginWithInvalidCredentials but has not been marked @Optional or defined
in C:\Users\akhil\selenium work c drive\demo\sauce.java\src\tests\testng.xml">
      <![CDATA[org.testng.TestNGException: 
Parameter 'InvalidUsername' is required by @Test on method verifyLoginWithInvalidCredentials but has not been marked @Optional or defined
in C:\Users\akhil\selenium work c drive\demo\sauce.java\src\tests\testng.xml
at java.base/java.util.ArrayList.forEach(ArrayList.java:1511)
... Removed 26 stack frames]]>
    </failure>
  </testcase> <!-- verifyLoginWithInvalidCredentials -->
</testsuite> <!-- Verify Login with valid credentials -->
