<?xml version="1.0" encoding="UTF-8"?>
<!-- Generated by org.testng.reporters.JUnitXMLReporter -->
<testsuite ignored="0" hostname="DESKTOP-6CE6M82" failures="4" tests="4" name="verify Edge Cases" time="0.132" errors="0" timestamp="2026-05-14T19:01:44 IST">
  <testcase classname="tests.Edge_Cases" name="emptyPasswordTest" time="0.0">
    <failure type="org.testng.TestNGException" message="
Cannot inject @Test annotated Method [emptyPasswordTest] with [class java.lang.String, class java.lang.String].
For more information on native dependency injection please refer to https://testng.org/doc/documentation-main.html#native-dependency-injection">
      <![CDATA[org.testng.TestNGException: 
Cannot inject @Test annotated Method [emptyPasswordTest] with [class java.lang.String, class java.lang.String].
For more information on native dependency injection please refer to https://testng.org/doc/documentation-main.html#native-dependency-injection
at java.base/java.util.ArrayList.forEach(ArrayList.java:1511)
... Removed 26 stack frames]]>
    </failure>
  </testcase> <!-- emptyPasswordTest -->
  <testcase classname="tests.Edge_Cases" name="emptyUsernameAndPasswordTest" time="0.0">
    <failure type="org.testng.TestNGException" message="
Cannot inject @Test annotated Method [emptyUsernameAndPasswordTest] with [class java.lang.String, class java.lang.String].
For more information on native dependency injection please refer to https://testng.org/doc/documentation-main.html#native-dependency-injection">
      <![CDATA[org.testng.TestNGException: 
Cannot inject @Test annotated Method [emptyUsernameAndPasswordTest] with [class java.lang.String, class java.lang.String].
For more information on native dependency injection please refer to https://testng.org/doc/documentation-main.html#native-dependency-injection
at java.base/java.util.ArrayList.forEach(ArrayList.java:1511)
... Removed 26 stack frames]]>
    </failure>
  </testcase> <!-- emptyUsernameAndPasswordTest -->
  <testcase classname="tests.Edge_Cases" name="specialCharactersLoginTest" time="0.0">
    <failure type="org.testng.TestNGException" message="
Cannot inject @Test annotated Method [specialCharactersLoginTest] with [class java.lang.String, class java.lang.String].
For more information on native dependency injection please refer to https://testng.org/doc/documentation-main.html#native-dependency-injection">
      <![CDATA[org.testng.TestNGException: 
Cannot inject @Test annotated Method [specialCharactersLoginTest] with [class java.lang.String, class java.lang.String].
For more information on native dependency injection please refer to https://testng.org/doc/documentation-main.html#native-dependency-injection
at java.base/java.util.ArrayList.forEach(ArrayList.java:1511)
... Removed 26 stack frames]]>
    </failure>
  </testcase> <!-- specialCharactersLoginTest -->
  <testcase classname="tests.Edge_Cases" name="verifyLoginWithEmpty_Username" time="0.0">
    <failure type="org.testng.TestNGException" message="
Cannot inject @Test annotated Method [verifyLoginWithEmpty_Username] with [class java.lang.String, class java.lang.String].
For more information on native dependency injection please refer to https://testng.org/doc/documentation-main.html#native-dependency-injection">
      <![CDATA[org.testng.TestNGException: 
Cannot inject @Test annotated Method [verifyLoginWithEmpty_Username] with [class java.lang.String, class java.lang.String].
For more information on native dependency injection please refer to https://testng.org/doc/documentation-main.html#native-dependency-injection
at java.base/java.util.ArrayList.forEach(ArrayList.java:1511)
... Removed 26 stack frames]]>
    </failure>
  </testcase> <!-- verifyLoginWithEmpty_Username -->
</testsuite> <!-- verify Edge Cases -->
