<?xml version="1.0" encoding="UTF-8"?>
<!-- Generated by org.testng.reporters.JUnitReportReporter -->
<testsuite hostname="DESKTOP-6CE6M82" failures="0" tests="2" name="tests.DashboardTest" time="17.832" errors="0" timestamp="2026-05-14T22:26:08 IST" skipped="0">
  <testcase classname="tests.DashboardTest" name="validateDashboardAfterLogin" time="8.816"/>
  <system-out/>
  <testcase classname="tests.DashboardTest" name="validateDashboardAfterLogin" time="9.016"/>
  <system-out/>
</testsuite> <!-- tests.DashboardTest -->
