<?xml version="1.0" encoding="UTF-8"?>
<!-- Generated by org.testng.reporters.JUnitReportReporter -->
<testsuite hostname="DESKTOP-6CE6M82" failures="0" tests="4" name="tests.Edge_Cases" time="32.377" errors="0" timestamp="2026-05-14T22:26:08 IST" skipped="0">
  <testcase classname="tests.Edge_Cases" name="specialCharactersLoginTest" time="8.167"/>
  <system-out/>
  <testcase classname="tests.Edge_Cases" name="emptyPasswordTest" time="8.106"/>
  <system-out/>
  <testcase classname="tests.Edge_Cases" name="emptyUsernameAndPasswordTest" time="7.968"/>
  <system-out/>
  <testcase classname="tests.Edge_Cases" name="verifyLoginWithEmpty_Username" time="8.136"/>
  <system-out/>
</testsuite> <!-- tests.Edge_Cases -->
