<?xml version="1.0" encoding="UTF-8"?>
<!-- Generated by org.testng.reporters.JUnitReportReporter -->
<testsuite hostname="DESKTOP-6CE6M82" failures="0" tests="2" name="tests.loginTest" time="18.888" errors="0" timestamp="2026-05-14T22:32:49 IST" skipped="0">
  <testcase classname="tests.loginTest" name="verifyLoginWithValidCredentials" time="9.757"/>
  <system-out/>
  <testcase classname="tests.loginTest" name="verifyLoginWithInvalidCredentials" time="9.131"/>
  <system-out/>
</testsuite> <!-- tests.loginTest -->
