<?xml version="1.0" encoding="UTF-8"?>
<!-- Generated by org.testng.reporters.JUnitReportReporter -->
<testsuite hostname="DESKTOP-6CE6M82" failures="0" tests="3" name="tests.Add_employee_Test" time="38.700" errors="0" timestamp="2025-09-27T21:07:09 IST" skipped="0">
  <testcase classname="tests.Add_employee_Test" name="verifyEmployeeAddedSuccessfully" time="21.110"/>
  <system-out/>
  <testcase classname="tests.Add_employee_Test" name="isUpdateName" time="13.150"/>
  <system-out/>
  <testcase classname="tests.Add_employee_Test" name="isempDeleted" time="4.440"/>
  <system-out/>
</testsuite> <!-- tests.Add_employee_Test -->
